# JRE version: Java(TM) SE Runtime Environment (8.0_131-b11) (build 1.8.0_131-b11)
# Java VM: Java HotSpot(TM) 64-Bit Server VM (25.131-b11 mixed mode windows-amd64 compressed oops)
Heap:
 PSYoungGen      total 359424K, used 57646K [0x00000000e0000000, 0x00000000f9500000, 0x0000000100000000)
  eden space 304128K, 12% used [0x00000000e0000000,0x00000000e269abe8,0x00000000f2900000)
  from space 55296K, 32% used [0x00000000f5f00000,0x00000000f70b0e10,0x00000000f9500000)
  to   space 55296K, 0% used [0x00000000f2900000,0x00000000f2900000,0x00000000f5f00000)
 ParOldGen       total 242688K, used 153131K [0x00000000a0000000, 0x00000000aed00000, 0x00000000e0000000)
  object space 242688K, 63% used [0x00000000a0000000,0x00000000a958ac08,0x00000000aed00000)
 Metaspace       used 109371K, capacity 114916K, committed 114988K, reserved 1148928K
  class space    used 14158K, capacity 15351K, committed 15404K, reserved 1048576K
GC Heap History (10 events):
Event: 458.594 GC heap before
{Heap before GC invocations=28 (full 4):
 PSYoungGen      total 265216K, used 265206K [0x00000000e0000000, 0x00000000f6c80000, 0x0000000100000000)
  eden space 219136K, 100% used [0x00000000e0000000,0x00000000ed600000,0x00000000ed600000)
  from space 46080K, 99% used [0x00000000ed600000,0x00000000f02fd8a0,0x00000000f0300000)
  to   space 56320K, 0% used [0x00000000f3580000,0x00000000f3580000,0x00000000f6c80000)
 ParOldGen       total 242688K, used 94033K [0x00000000a0000000, 0x00000000aed00000, 0x00000000e0000000)
  object space 242688K, 38% used [0x00000000a0000000,0x00000000a5bd4730,0x00000000aed00000)
 Metaspace       used 108910K, capacity 114492K, committed 114732K, reserved 1148928K
  class space    used 14139K, capacity 15339K, committed 15404K, reserved 1048576K
Event: 458.712 GC heap after
Heap after GC invocations=28 (full 4):
 PSYoungGen      total 316416K, used 33042K [0x00000000e0000000, 0x00000000f7400000, 0x0000000100000000)
  eden space 260096K, 0% used [0x00000000e0000000,0x00000000e0000000,0x00000000efe00000)
  from space 56320K, 58% used [0x00000000f3580000,0x00000000f55c4950,0x00000000f6c80000)
  to   space 56832K, 0% used [0x00000000efe00000,0x00000000efe00000,0x00000000f3580000)
 ParOldGen       total 242688K, used 116420K [0x00000000a0000000, 0x00000000aed00000, 0x00000000e0000000)
  object space 242688K, 47% used [0x00000000a0000000,0x00000000a71b13e0,0x00000000aed00000)
 Metaspace       used 108910K, capacity 114492K, committed 114732K, reserved 1148928K
  class space    used 14139K, capacity 15339K, committed 15404K, reserved 1048576K
}
Event: 460.602 GC heap before
{Heap before GC invocations=29 (full 4):
 PSYoungGen      total 316416K, used 293138K [0x00000000e0000000, 0x00000000f7400000, 0x0000000100000000)
  eden space 260096K, 100% used [0x00000000e0000000,0x00000000efe00000,0x00000000efe00000)
  from space 56320K, 58% used [0x00000000f3580000,0x00000000f55c4950,0x00000000f6c80000)
  to   space 56832K, 0% used [0x00000000efe00000,0x00000000efe00000,0x00000000f3580000)
 ParOldGen       total 242688K, used 116420K [0x00000000a0000000, 0x00000000aed00000, 0x00000000e0000000)
  object space 242688K, 47% used [0x00000000a0000000,0x00000000a71b13e0,0x00000000aed00000)
 Metaspace       used 109039K, capacity 114588K, committed 114732K, reserved 1148928K
  class space    used 14142K, capacity 15343K, committed 15404K, reserved 1048576K
Event: 460.674 GC heap after
Heap after GC invocations=29 (full 4):
 PSYoungGen      total 316928K, used 10795K [0x00000000e0000000, 0x00000000f9580000, 0x0000000100000000)
  eden space 260096K, 0% used [0x00000000e0000000,0x00000000e0000000,0x00000000efe00000)
  from space 56832K, 18% used [0x00000000efe00000,0x00000000f088ac60,0x00000000f3580000)
  to   space 55808K, 0% used [0x00000000f5f00000,0x00000000f5f00000,0x00000000f9580000)
 ParOldGen       total 242688K, used 137267K [0x00000000a0000000, 0x00000000aed00000, 0x00000000e0000000)
  object space 242688K, 56% used [0x00000000a0000000,0x00000000a860cf70,0x00000000aed00000)
 Metaspace       used 109039K, capacity 114588K, committed 114732K, reserved 1148928K
  class space    used 14142K, capacity 15343K, committed 15404K, reserved 1048576K
}
Event: 462.648 GC heap before
{Heap before GC invocations=30 (full 4):
 PSYoungGen      total 316928K, used 270891K [0x00000000e0000000, 0x00000000f9580000, 0x0000000100000000)
  eden space 260096K, 100% used [0x00000000e0000000,0x00000000efe00000,0x00000000efe00000)
  from space 56832K, 18% used [0x00000000efe00000,0x00000000f088ac60,0x00000000f3580000)
  to   space 55808K, 0% used [0x00000000f5f00000,0x00000000f5f00000,0x00000000f9580000)
 ParOldGen       total 242688K, used 137267K [0x00000000a0000000, 0x00000000aed00000, 0x00000000e0000000)
  object space 242688K, 56% used [0x00000000a0000000,0x00000000a860cf70,0x00000000aed00000)
 Metaspace       used 109144K, capacity 114742K, committed 114988K, reserved 1148928K
  class space    used 14145K, capacity 15346K, committed 15404K, reserved 1048576K
Event: 462.713 GC heap after
Heap after GC invocations=30 (full 4):
 PSYoungGen      total 359424K, used 6480K [0x00000000e0000000, 0x00000000f9500000, 0x0000000100000000)
  eden space 304128K, 0% used [0x00000000e0000000,0x00000000e0000000,0x00000000f2900000)
  from space 55296K, 11% used [0x00000000f5f00000,0x00000000f6554198,0x00000000f9500000)
  to   space 55296K, 0% used [0x00000000f2900000,0x00000000f2900000,0x00000000f5f00000)
 ParOldGen       total 242688K, used 145080K [0x00000000a0000000, 0x00000000aed00000, 0x00000000e0000000)
  object space 242688K, 59% used [0x00000000a0000000,0x00000000a8dae170,0x00000000aed00000)
 Metaspace       used 109144K, capacity 114742K, committed 114988K, reserved 1148928K
  class space    used 14145K, capacity 15346K, committed 15404K, reserved 1048576K
}
Event: 465.016 GC heap before
{Heap before GC invocations=31 (full 4):
 PSYoungGen      total 359424K, used 310608K [0x00000000e0000000, 0x00000000f9500000, 0x0000000100000000)
  eden space 304128K, 100% used [0x00000000e0000000,0x00000000f2900000,0x00000000f2900000)
  from space 55296K, 11% used [0x00000000f5f00000,0x00000000f6554198,0x00000000f9500000)
  to   space 55296K, 0% used [0x00000000f2900000,0x00000000f2900000,0x00000000f5f00000)
 ParOldGen       total 242688K, used 145080K [0x00000000a0000000, 0x00000000aed00000, 0x00000000e0000000)
  object space 242688K, 59% used [0x00000000a0000000,0x00000000a8dae170,0x00000000aed00000)
 Metaspace       used 109219K, capacity 114766K, committed 114988K, reserved 1148928K
  class space    used 14148K, capacity 15348K, committed 15404K, reserved 1048576K
Event: 465.066 GC heap after
Heap after GC invocations=31 (full 4):
 PSYoungGen      total 359424K, used 10345K [0x00000000e0000000, 0x00000000f9500000, 0x0000000100000000)
  eden space 304128K, 0% used [0x00000000e0000000,0x00000000e0000000,0x00000000f2900000)
  from space 55296K, 18% used [0x00000000f2900000,0x00000000f331a7a8,0x00000000f5f00000)
  to   space 55296K, 0% used [0x00000000f5f00000,0x00000000f5f00000,0x00000000f9500000)
 ParOldGen       total 242688K, used 148638K [0x00000000a0000000, 0x00000000aed00000, 0x00000000e0000000)
  object space 242688K, 61% used [0x00000000a0000000,0x00000000a9127ad8,0x00000000aed00000)
 Metaspace       used 109219K, capacity 114766K, committed 114988K, reserved 1148928K
  class space    used 14148K, capacity 15348K, committed 15404K, reserved 1048576K
}
Event: 467.573 GC heap before
{Heap before GC invocations=32 (full 4):
 PSYoungGen      total 359424K, used 314473K [0x00000000e0000000, 0x00000000f9500000, 0x0000000100000000)
  eden space 304128K, 100% used [0x00000000e0000000,0x00000000f2900000,0x00000000f2900000)
  from space 55296K, 18% used [0x00000000f2900000,0x00000000f331a7a8,0x00000000f5f00000)
  to   space 55296K, 0% used [0x00000000f5f00000,0x00000000f5f00000,0x00000000f9500000)
 ParOldGen       total 242688K, used 148638K [0x00000000a0000000, 0x00000000aed00000, 0x00000000e0000000)
  object space 242688K, 61% used [0x00000000a0000000,0x00000000a9127ad8,0x00000000aed00000)
 Metaspace       used 109322K, capacity 114848K, committed 114988K, reserved 1148928K
  class space    used 14150K, capacity 15351K, committed 15404K, reserved 1048576K
Event: 467.659 GC heap after
Heap after GC invocations=32 (full 4):
 PSYoungGen      total 359424K, used 18115K [0x00000000e0000000, 0x00000000f9500000, 0x0000000100000000)
  eden space 304128K, 0% used [0x00000000e0000000,0x00000000e0000000,0x00000000f2900000)
  from space 55296K, 32% used [0x00000000f5f00000,0x00000000f70b0e10,0x00000000f9500000)
  to   space 55296K, 0% used [0x00000000f2900000,0x00000000f2900000,0x00000000f5f00000)
 ParOldGen       total 242688K, used 153131K [0x00000000a0000000, 0x00000000aed00000, 0x00000000e0000000)
  object space 242688K, 63% used [0x00000000a0000000,0x00000000a958ac08,0x00000000aed00000)
 Metaspace       used 109322K, capacity 114848K, committed 114988K, reserved 1148928K
  class space    used 14150K, capacity 15351K, committed 15404K, reserved 1048576K
}

