# JRE version: Java(TM) SE Runtime Environment (8.0_131-b11) (build 1.8.0_131-b11)
# Java VM: Java HotSpot(TM) 64-Bit Server VM (25.131-b11 mixed mode windows-amd64 compressed oops)
Heap:
 PSYoungGen      total 469504K, used 412538K [0x00000000e0000000, 0x0000000100000000, 0x0000000100000000)
  eden space 423936K, 87% used [0x00000000e0000000,0x00000000f6b71790,0x00000000f9e00000)
  from space 45568K, 88% used [0x00000000fd380000,0x00000000ffaed158,0x0000000100000000)
  to   space 50176K, 0% used [0x00000000f9e00000,0x00000000f9e00000,0x00000000fcf00000)
 ParOldGen       total 251904K, used 122029K [0x00000000a0000000, 0x00000000af600000, 0x00000000e0000000)
  object space 251904K, 48% used [0x00000000a0000000,0x00000000a772b780,0x00000000af600000)
 Metaspace       used 73654K, capacity 77170K, committed 77184K, reserved 1116160K
  class space    used 10134K, capacity 10874K, committed 10880K, reserved 1048576K
GC Heap History (10 events):
Event: 61.523 GC heap before
{Heap before GC invocations=32 (full 4):
 PSYoungGen      total 487936K, used 469684K [0x00000000e0000000, 0x00000000ffe80000, 0x0000000100000000)
  eden space 454656K, 100% used [0x00000000e0000000,0x00000000fbc00000,0x00000000fbc00000)
  from space 33280K, 45% used [0x00000000fbc00000,0x00000000fcaad3a8,0x00000000fdc80000)
  to   space 31744K, 0% used [0x00000000fdf80000,0x00000000fdf80000,0x00000000ffe80000)
 ParOldGen       total 251904K, used 111735K [0x00000000a0000000, 0x00000000af600000, 0x00000000e0000000)
  object space 251904K, 44% used [0x00000000a0000000,0x00000000a6d1dc70,0x00000000af600000)
 Metaspace       used 70782K, capacity 73942K, committed 74624K, reserved 1114112K
  class space    used 9759K, capacity 10450K, committed 10624K, reserved 1048576K
Event: 61.597 GC heap after
Heap after GC invocations=32 (full 4):
 PSYoungGen      total 484352K, used 30888K [0x00000000e0000000, 0x0000000100000000, 0x0000000100000000)
  eden space 452608K, 0% used [0x00000000e0000000,0x00000000e0000000,0x00000000fba00000)
  from space 31744K, 97% used [0x00000000fdf80000,0x00000000ffdaa0b0,0x00000000ffe80000)
  to   space 35840K, 0% used [0x00000000fba00000,0x00000000fba00000,0x00000000fdd00000)
 ParOldGen       total 251904K, used 111735K [0x00000000a0000000, 0x00000000af600000, 0x00000000e0000000)
  object space 251904K, 44% used [0x00000000a0000000,0x00000000a6d1dc70,0x00000000af600000)
 Metaspace       used 70782K, capacity 73942K, committed 74624K, reserved 1114112K
  class space    used 9759K, capacity 10450K, committed 10624K, reserved 1048576K
}
Event: 64.477 GC heap before
{Heap before GC invocations=33 (full 4):
 PSYoungGen      total 484352K, used 483496K [0x00000000e0000000, 0x0000000100000000, 0x0000000100000000)
  eden space 452608K, 100% used [0x00000000e0000000,0x00000000fba00000,0x00000000fba00000)
  from space 31744K, 97% used [0x00000000fdf80000,0x00000000ffdaa0b0,0x00000000ffe80000)
  to   space 35840K, 0% used [0x00000000fba00000,0x00000000fba00000,0x00000000fdd00000)
 ParOldGen       total 251904K, used 111735K [0x00000000a0000000, 0x00000000af600000, 0x00000000e0000000)
  object space 251904K, 44% used [0x00000000a0000000,0x00000000a6d1dc70,0x00000000af600000)
 Metaspace       used 70794K, capacity 74010K, committed 74624K, reserved 1114112K
  class space    used 9759K, capacity 10450K, committed 10624K, reserved 1048576K
Event: 64.583 GC heap after
Heap after GC invocations=33 (full 4):
 PSYoungGen      total 488448K, used 35830K [0x00000000e0000000, 0x0000000100000000, 0x0000000100000000)
  eden space 452608K, 0% used [0x00000000e0000000,0x00000000e0000000,0x00000000fba00000)
  from space 35840K, 99% used [0x00000000fba00000,0x00000000fdcfda68,0x00000000fdd00000)
  to   space 35840K, 0% used [0x00000000fdd00000,0x00000000fdd00000,0x0000000100000000)
 ParOldGen       total 251904K, used 114418K [0x00000000a0000000, 0x00000000af600000, 0x00000000e0000000)
  object space 251904K, 45% used [0x00000000a0000000,0x00000000a6fbc958,0x00000000af600000)
 Metaspace       used 70794K, capacity 74010K, committed 74624K, reserved 1114112K
  class space    used 9759K, capacity 10450K, committed 10624K, reserved 1048576K
}
Event: 67.301 GC heap before
{Heap before GC invocations=34 (full 4):
 PSYoungGen      total 488448K, used 488438K [0x00000000e0000000, 0x0000000100000000, 0x0000000100000000)
  eden space 452608K, 100% used [0x00000000e0000000,0x00000000fba00000,0x00000000fba00000)
  from space 35840K, 99% used [0x00000000fba00000,0x00000000fdcfda68,0x00000000fdd00000)
  to   space 35840K, 0% used [0x00000000fdd00000,0x00000000fdd00000,0x0000000100000000)
 ParOldGen       total 251904K, used 114418K [0x00000000a0000000, 0x00000000af600000, 0x00000000e0000000)
  object space 251904K, 45% used [0x00000000a0000000,0x00000000a6fbc958,0x00000000af600000)
 Metaspace       used 70812K, capacity 74010K, committed 74624K, reserved 1114112K
  class space    used 9760K, capacity 10450K, committed 10624K, reserved 1048576K
Event: 67.378 GC heap after
Heap after GC invocations=34 (full 4):
 PSYoungGen      total 472064K, used 29751K [0x00000000e0000000, 0x0000000100000000, 0x0000000100000000)
  eden space 436224K, 0% used [0x00000000e0000000,0x00000000e0000000,0x00000000faa00000)
  from space 35840K, 83% used [0x00000000fdd00000,0x00000000ffa0df10,0x0000000100000000)
  to   space 44032K, 0% used [0x00000000faa00000,0x00000000faa00000,0x00000000fd500000)
 ParOldGen       total 251904K, used 122013K [0x00000000a0000000, 0x00000000af600000, 0x00000000e0000000)
  object space 251904K, 48% used [0x00000000a0000000,0x00000000a7727780,0x00000000af600000)
 Metaspace       used 70812K, capacity 74010K, committed 74624K, reserved 1114112K
  class space    used 9760K, capacity 10450K, committed 10624K, reserved 1048576K
}
Event: 70.331 GC heap before
{Heap before GC invocations=35 (full 4):
 PSYoungGen      total 472064K, used 465975K [0x00000000e0000000, 0x0000000100000000, 0x0000000100000000)
  eden space 436224K, 100% used [0x00000000e0000000,0x00000000faa00000,0x00000000faa00000)
  from space 35840K, 83% used [0x00000000fdd00000,0x00000000ffa0df10,0x0000000100000000)
  to   space 44032K, 0% used [0x00000000faa00000,0x00000000faa00000,0x00000000fd500000)
 ParOldGen       total 251904K, used 122013K [0x00000000a0000000, 0x00000000af600000, 0x00000000e0000000)
  object space 251904K, 48% used [0x00000000a0000000,0x00000000a7727780,0x00000000af600000)
 Metaspace       used 70833K, capacity 74074K, committed 74624K, reserved 1114112K
  class space    used 9762K, capacity 10450K, committed 10624K, reserved 1048576K
Event: 70.408 GC heap after
Heap after GC invocations=35 (full 4):
 PSYoungGen      total 465920K, used 29630K [0x00000000e0000000, 0x0000000100000000, 0x0000000100000000)
  eden space 436224K, 0% used [0x00000000e0000000,0x00000000e0000000,0x00000000faa00000)
  from space 29696K, 99% used [0x00000000faa00000,0x00000000fc6ef830,0x00000000fc700000)
  to   space 45568K, 0% used [0x00000000fd380000,0x00000000fd380000,0x0000000100000000)
 ParOldGen       total 251904K, used 122021K [0x00000000a0000000, 0x00000000af600000, 0x00000000e0000000)
  object space 251904K, 48% used [0x00000000a0000000,0x00000000a7729780,0x00000000af600000)
 Metaspace       used 70833K, capacity 74074K, committed 74624K, reserved 1114112K
  class space    used 9762K, capacity 10450K, committed 10624K, reserved 1048576K
}
Event: 74.819 GC heap before
{Heap before GC invocations=36 (full 4):
 PSYoungGen      total 465920K, used 465854K [0x00000000e0000000, 0x0000000100000000, 0x0000000100000000)
  eden space 436224K, 100% used [0x00000000e0000000,0x00000000faa00000,0x00000000faa00000)
  from space 29696K, 99% used [0x00000000faa00000,0x00000000fc6ef830,0x00000000fc700000)
  to   space 45568K, 0% used [0x00000000fd380000,0x00000000fd380000,0x0000000100000000)
 ParOldGen       total 251904K, used 122021K [0x00000000a0000000, 0x00000000af600000, 0x00000000e0000000)
  object space 251904K, 48% used [0x00000000a0000000,0x00000000a7729780,0x00000000af600000)
 Metaspace       used 72664K, capacity 75974K, committed 76288K, reserved 1114112K
  class space    used 10007K, capacity 10700K, committed 10752K, reserved 1048576K
Event: 74.897 GC heap after
Heap after GC invocations=36 (full 4):
 PSYoungGen      total 469504K, used 40372K [0x00000000e0000000, 0x0000000100000000, 0x0000000100000000)
  eden space 423936K, 0% used [0x00000000e0000000,0x00000000e0000000,0x00000000f9e00000)
  from space 45568K, 88% used [0x00000000fd380000,0x00000000ffaed158,0x0000000100000000)
  to   space 50176K, 0% used [0x00000000f9e00000,0x00000000f9e00000,0x00000000fcf00000)
 ParOldGen       total 251904K, used 122029K [0x00000000a0000000, 0x00000000af600000, 0x00000000e0000000)
  object space 251904K, 48% used [0x00000000a0000000,0x00000000a772b780,0x00000000af600000)
 Metaspace       used 72664K, capacity 75974K, committed 76288K, reserved 1114112K
  class space    used 10007K, capacity 10700K, committed 10752K, reserved 1048576K
}

