# JRE version: Java(TM) SE Runtime Environment (8.0_131-b11) (build 1.8.0_131-b11)
# Java VM: Java HotSpot(TM) 64-Bit Server VM (25.131-b11 mixed mode windows-amd64 compressed oops)
Heap:
 PSYoungGen      total 288256K, used 152032K [0x00000000e0000000, 0x00000000f4580000, 0x0000000100000000)
  eden space 243712K, 50% used [0x00000000e0000000,0x00000000e7951848,0x00000000eee00000)
  from space 44544K, 62% used [0x00000000eee00000,0x00000000f09267f0,0x00000000f1980000)
  to   space 44032K, 0% used [0x00000000f1980000,0x00000000f1980000,0x00000000f4480000)
 ParOldGen       total 174080K, used 80457K [0x00000000a0000000, 0x00000000aaa00000, 0x00000000e0000000)
  object space 174080K, 46% used [0x00000000a0000000,0x00000000a4e926d0,0x00000000aaa00000)
 Metaspace       used 103837K, capacity 108014K, committed 108672K, reserved 1142784K
  class space    used 13568K, capacity 14514K, committed 14720K, reserved 1048576K
GC Heap History (10 events):
Event: 2606.465 GC heap before
{Heap before GC invocations=21 (full 3):
 PSYoungGen      total 209920K, used 209635K [0x00000000e0000000, 0x00000000eff80000, 0x0000000100000000)
  eden space 186880K, 100% used [0x00000000e0000000,0x00000000eb680000,0x00000000eb680000)
  from space 23040K, 98% used [0x00000000ebc80000,0x00000000ed2b8fc0,0x00000000ed300000)
  to   space 37376K, 0% used [0x00000000edb00000,0x00000000edb00000,0x00000000eff80000)
 ParOldGen       total 127488K, used 77489K [0x00000000a0000000, 0x00000000a7c80000, 0x00000000e0000000)
  object space 127488K, 60% used [0x00000000a0000000,0x00000000a4bac740,0x00000000a7c80000)
 Metaspace       used 94077K, capacity 98188K, committed 98304K, reserved 1134592K
  class space    used 12326K, capacity 13285K, committed 13312K, reserved 1048576K
Event: 2606.533 GC heap after
Heap after GC invocations=21 (full 3):
 PSYoungGen      total 215552K, used 37371K [0x00000000e0000000, 0x00000000f0a80000, 0x0000000100000000)
  eden space 178176K, 0% used [0x00000000e0000000,0x00000000e0000000,0x00000000eae00000)
  from space 37376K, 99% used [0x00000000edb00000,0x00000000eff7ef30,0x00000000eff80000)
  to   space 46080K, 0% used [0x00000000eae00000,0x00000000eae00000,0x00000000edb00000)
 ParOldGen       total 127488K, used 84687K [0x00000000a0000000, 0x00000000a7c80000, 0x00000000e0000000)
  object space 127488K, 66% used [0x00000000a0000000,0x00000000a52b3c78,0x00000000a7c80000)
 Metaspace       used 94077K, capacity 98188K, committed 98304K, reserved 1134592K
  class space    used 12326K, capacity 13285K, committed 13312K, reserved 1048576K
}
Event: 2606.549 GC heap before
{Heap before GC invocations=22 (full 3):
 PSYoungGen      total 215552K, used 38252K [0x00000000e0000000, 0x00000000f0a80000, 0x0000000100000000)
  eden space 178176K, 0% used [0x00000000e0000000,0x00000000e00dc2b0,0x00000000eae00000)
  from space 37376K, 99% used [0x00000000edb00000,0x00000000eff7ef30,0x00000000eff80000)
  to   space 46080K, 0% used [0x00000000eae00000,0x00000000eae00000,0x00000000edb00000)
 ParOldGen       total 127488K, used 84687K [0x00000000a0000000, 0x00000000a7c80000, 0x00000000e0000000)
  object space 127488K, 66% used [0x00000000a0000000,0x00000000a52b3c78,0x00000000a7c80000)
 Metaspace       used 94142K, capacity 98252K, committed 98304K, reserved 1134592K
  class space    used 12334K, capacity 13285K, committed 13312K, reserved 1048576K
Event: 2606.597 GC heap after
Heap after GC invocations=22 (full 3):
 PSYoungGen      total 224256K, used 16041K [0x00000000e0000000, 0x00000000f4480000, 0x0000000100000000)
  eden space 178176K, 0% used [0x00000000e0000000,0x00000000e0000000,0x00000000eae00000)
  from space 46080K, 34% used [0x00000000eae00000,0x00000000ebdaa408,0x00000000edb00000)
  to   space 44032K, 0% used [0x00000000f1980000,0x00000000f1980000,0x00000000f4480000)
 ParOldGen       total 127488K, used 105637K [0x00000000a0000000, 0x00000000a7c80000, 0x00000000e0000000)
  object space 127488K, 82% used [0x00000000a0000000,0x00000000a6729438,0x00000000a7c80000)
 Metaspace       used 94142K, capacity 98252K, committed 98304K, reserved 1134592K
  class space    used 12334K, capacity 13285K, committed 13312K, reserved 1048576K
}
Event: 2606.597 GC heap before
{Heap before GC invocations=23 (full 4):
 PSYoungGen      total 224256K, used 16041K [0x00000000e0000000, 0x00000000f4480000, 0x0000000100000000)
  eden space 178176K, 0% used [0x00000000e0000000,0x00000000e0000000,0x00000000eae00000)
  from space 46080K, 34% used [0x00000000eae00000,0x00000000ebdaa408,0x00000000edb00000)
  to   space 44032K, 0% used [0x00000000f1980000,0x00000000f1980000,0x00000000f4480000)
 ParOldGen       total 127488K, used 105637K [0x00000000a0000000, 0x00000000a7c80000, 0x00000000e0000000)
  object space 127488K, 82% used [0x00000000a0000000,0x00000000a6729438,0x00000000a7c80000)
 Metaspace       used 94142K, capacity 98252K, committed 98304K, reserved 1134592K
  class space    used 12334K, capacity 13285K, committed 13312K, reserved 1048576K
Event: 2607.142 GC heap after
Heap after GC invocations=23 (full 4):
 PSYoungGen      total 224256K, used 0K [0x00000000e0000000, 0x00000000f4480000, 0x0000000100000000)
  eden space 178176K, 0% used [0x00000000e0000000,0x00000000e0000000,0x00000000eae00000)
  from space 46080K, 0% used [0x00000000eae00000,0x00000000eae00000,0x00000000edb00000)
  to   space 44032K, 0% used [0x00000000f1980000,0x00000000f1980000,0x00000000f4480000)
 ParOldGen       total 174080K, used 62241K [0x00000000a0000000, 0x00000000aaa00000, 0x00000000e0000000)
  object space 174080K, 35% used [0x00000000a0000000,0x00000000a3cc8488,0x00000000aaa00000)
 Metaspace       used 92016K, capacity 95120K, committed 98304K, reserved 1134592K
  class space    used 11986K, capacity 12691K, committed 13312K, reserved 1048576K
}
Event: 2610.041 GC heap before
{Heap before GC invocations=24 (full 4):
 PSYoungGen      total 224256K, used 178176K [0x00000000e0000000, 0x00000000f4480000, 0x0000000100000000)
  eden space 178176K, 100% used [0x00000000e0000000,0x00000000eae00000,0x00000000eae00000)
  from space 46080K, 0% used [0x00000000eae00000,0x00000000eae00000,0x00000000edb00000)
  to   space 44032K, 0% used [0x00000000f1980000,0x00000000f1980000,0x00000000f4480000)
 ParOldGen       total 174080K, used 62249K [0x00000000a0000000, 0x00000000aaa00000, 0x00000000e0000000)
  object space 174080K, 35% used [0x00000000a0000000,0x00000000a3cca498,0x00000000aaa00000)
 Metaspace       used 95160K, capacity 98430K, committed 100224K, reserved 1136640K
  class space    used 12345K, capacity 13094K, committed 13440K, reserved 1048576K
Event: 2610.091 GC heap after
Heap after GC invocations=24 (full 4):
 PSYoungGen      total 287744K, used 27324K [0x00000000e0000000, 0x00000000f4580000, 0x0000000100000000)
  eden space 243712K, 0% used [0x00000000e0000000,0x00000000e0000000,0x00000000eee00000)
  from space 44032K, 62% used [0x00000000f1980000,0x00000000f342f1a8,0x00000000f4480000)
  to   space 44544K, 0% used [0x00000000eee00000,0x00000000eee00000,0x00000000f1980000)
 ParOldGen       total 174080K, used 62257K [0x00000000a0000000, 0x00000000aaa00000, 0x00000000e0000000)
  object space 174080K, 35% used [0x00000000a0000000,0x00000000a3ccc498,0x00000000aaa00000)
 Metaspace       used 95160K, capacity 98430K, committed 100224K, reserved 1136640K
  class space    used 12345K, capacity 13094K, committed 13440K, reserved 1048576K
}
Event: 2611.754 GC heap before
{Heap before GC invocations=25 (full 4):
 PSYoungGen      total 287744K, used 271036K [0x00000000e0000000, 0x00000000f4580000, 0x0000000100000000)
  eden space 243712K, 100% used [0x00000000e0000000,0x00000000eee00000,0x00000000eee00000)
  from space 44032K, 62% used [0x00000000f1980000,0x00000000f342f1a8,0x00000000f4480000)
  to   space 44544K, 0% used [0x00000000eee00000,0x00000000eee00000,0x00000000f1980000)
 ParOldGen       total 174080K, used 62364K [0x00000000a0000000, 0x00000000aaa00000, 0x00000000e0000000)
  object space 174080K, 35% used [0x00000000a0000000,0x00000000a3ce70a8,0x00000000aaa00000)
 Metaspace       used 97813K, capacity 101300K, committed 102656K, reserved 1138688K
  class space    used 12731K, capacity 13501K, committed 13824K, reserved 1048576K
Event: 2611.806 GC heap after
Heap after GC invocations=25 (full 4):
 PSYoungGen      total 288256K, used 27801K [0x00000000e0000000, 0x00000000f4580000, 0x0000000100000000)
  eden space 243712K, 0% used [0x00000000e0000000,0x00000000e0000000,0x00000000eee00000)
  from space 44544K, 62% used [0x00000000eee00000,0x00000000f09267f0,0x00000000f1980000)
  to   space 44032K, 0% used [0x00000000f1980000,0x00000000f1980000,0x00000000f4480000)
 ParOldGen       total 174080K, used 80457K [0x00000000a0000000, 0x00000000aaa00000, 0x00000000e0000000)
  object space 174080K, 46% used [0x00000000a0000000,0x00000000a4e926d0,0x00000000aaa00000)
 Metaspace       used 97813K, capacity 101300K, committed 102656K, reserved 1138688K
  class space    used 12731K, capacity 13501K, committed 13824K, reserved 1048576K
}

